0 info it worked if it ends with ok
1 verbose cli [ 'C:\\Program Files\\nodejs\\node.exe',
1 verbose cli   'C:\\Program Files\\nodejs\\node_modules\\npm\\bin\\npm-cli.js',
1 verbose cli   'start' ]
2 info using npm@3.10.8
3 info using node@v6.9.1
4 verbose run-script [ 'prestart', 'start', 'poststart' ]
5 info lifecycle app-name@1.0.0~prestart: app-name@1.0.0
6 verbose lifecycle app-name@1.0.0~prestart: unsafe-perm in lifecycle true
7 verbose lifecycle app-name@1.0.0~prestart: PATH: C:\Program Files\nodejs\node_modules\npm\bin\node-gyp-bin;C:\wamp64\www\searchWidget\node_modules\.bin;C:\ProgramData\Oracle\Java\javapath;C:\Program Files\Java\jdk1.7.0_67\bin;C:\Windows\system32;C:\Windows;C:\Windows\System32\Wbem;C:\Windows\System32\WindowsPowerShell\v1.0\;C:\Program Files\Git\cmd;C:\Program Files\TortoiseSVN\bin;C:\Program Files (x86)\Skype\Phone\;C:\wamp64\bin\php\php5.6.25;C:\ProgramData\ComposerSetup\bin;C:\Program Files\nodejs\;C:\Program Files\Microsoft SQL Server\120\Tools\Binn\;C:\Program Files (x86)\Windows Kits\10\Windows Performance Toolkit\;C:\Program Files\Microsoft SQL Server\130\Tools\Binn\;C:\Program Files\Microsoft SQL Server\Client SDK\ODBC\110\Tools\Binn\;C:\Program Files (x86)\Microsoft SQL Server\120\Tools\Binn\;C:\Program Files\Microsoft SQL Server\120\DTS\Binn\;C:\Program Files (x86)\Microsoft SQL Server\120\Tools\Binn\ManagementStudio\;C:\Program Files (x86)\Microsoft SQL Server\120\DTS\Binn\;C:\Windows\system32\config\systemprofile\.dnx\bin;C:\Program Files\Microsoft DNX\Dnvm\;C:\Program Files (x86)\Brackets\command;C:\wamp64\bin\mysql\mysql5.7.14\bin;C:\cygwin64;C:\Users\rajmohan.g\vendor\drush\drush;C:\Users\rajmohan.g\vendor\bin;C:\Users\rajmohan.g\AppData\Roaming\npm;C:\Program Files (x86)\Microsoft VS Code\bin
8 verbose lifecycle app-name@1.0.0~prestart: CWD: C:\wamp64\www\searchWidget
9 silly lifecycle app-name@1.0.0~prestart: Args: [ '/d /s /c', 'npm install' ]
10 silly lifecycle app-name@1.0.0~prestart: Returned: code: 0  signal: null
11 info lifecycle app-name@1.0.0~start: app-name@1.0.0
12 verbose lifecycle app-name@1.0.0~start: unsafe-perm in lifecycle true
13 verbose lifecycle app-name@1.0.0~start: PATH: C:\Program Files\nodejs\node_modules\npm\bin\node-gyp-bin;C:\wamp64\www\searchWidget\node_modules\.bin;C:\ProgramData\Oracle\Java\javapath;C:\Program Files\Java\jdk1.7.0_67\bin;C:\Windows\system32;C:\Windows;C:\Windows\System32\Wbem;C:\Windows\System32\WindowsPowerShell\v1.0\;C:\Program Files\Git\cmd;C:\Program Files\TortoiseSVN\bin;C:\Program Files (x86)\Skype\Phone\;C:\wamp64\bin\php\php5.6.25;C:\ProgramData\ComposerSetup\bin;C:\Program Files\nodejs\;C:\Program Files\Microsoft SQL Server\120\Tools\Binn\;C:\Program Files (x86)\Windows Kits\10\Windows Performance Toolkit\;C:\Program Files\Microsoft SQL Server\130\Tools\Binn\;C:\Program Files\Microsoft SQL Server\Client SDK\ODBC\110\Tools\Binn\;C:\Program Files (x86)\Microsoft SQL Server\120\Tools\Binn\;C:\Program Files\Microsoft SQL Server\120\DTS\Binn\;C:\Program Files (x86)\Microsoft SQL Server\120\Tools\Binn\ManagementStudio\;C:\Program Files (x86)\Microsoft SQL Server\120\DTS\Binn\;C:\Windows\system32\config\systemprofile\.dnx\bin;C:\Program Files\Microsoft DNX\Dnvm\;C:\Program Files (x86)\Brackets\command;C:\wamp64\bin\mysql\mysql5.7.14\bin;C:\cygwin64;C:\Users\rajmohan.g\vendor\drush\drush;C:\Users\rajmohan.g\vendor\bin;C:\Users\rajmohan.g\AppData\Roaming\npm;C:\Program Files (x86)\Microsoft VS Code\bin
14 verbose lifecycle app-name@1.0.0~start: CWD: C:\wamp64\www\searchWidget
15 silly lifecycle app-name@1.0.0~start: Args: [ '/d /s /c', 'http-server -a 0.0.0.0 -p 8000' ]
16 verbose stack Error: kill ENOSYS
16 verbose stack     at exports._errnoException (util.js:1026:11)
16 verbose stack     at process.kill (internal/process.js:172:13)
16 verbose stack     at process.listener (C:\Program Files\nodejs\node_modules\npm\node_modules\npmlog\node_modules\gauge\node_modules\signal-exit\index.js:86:15)
16 verbose stack     at emitNone (events.js:91:20)
16 verbose stack     at process.emit (events.js:185:7)
16 verbose stack     at processEmit (C:\Program Files\nodejs\node_modules\npm\node_modules\npmlog\node_modules\gauge\node_modules\signal-exit\index.js:146:32)
16 verbose stack     at processEmit (C:\Program Files\nodejs\node_modules\npm\node_modules\npm-registry-client\node_modules\npmlog\node_modules\gauge\node_modules\signal-exit\index.js:146:32)
16 verbose stack     at Signal.wrap.onsignal (internal/process.js:199:44)
17 verbose cwd C:\wamp64\www\searchWidget
18 error Windows_NT 6.1.7601
19 error argv "C:\\Program Files\\nodejs\\node.exe" "C:\\Program Files\\nodejs\\node_modules\\npm\\bin\\npm-cli.js" "start"
20 error node v6.9.1
21 error npm  v3.10.8
22 error code ENOSYS
23 error errno ENOSYS
24 error syscall kill
25 error kill ENOSYS
26 error If you need help, you may report this error at:
26 error     <https://github.com/npm/npm/issues>
27 verbose exit [ 1, true ]
